[2024-06-18 10:11:28] [INFO]    [OmnipathR] Welcome to OmnipathR!
[2024-06-18 10:11:28] [TRACE]   [OmnipathR] Reading JSON from `/Users/bedin.fabio/Library/Caches/OmnipathR/cache.json` (encoding: UTF-8).
[2024-06-18 10:11:28] [TRACE]   [OmnipathR] JSON validation successful: TRUE
[2024-06-18 10:11:28] [INFO]    [OmnipathR] Initialized cache: `/Users/bedin.fabio/Library/Caches/OmnipathR`.
[2024-06-18 10:11:28] [TRACE]   [OmnipathR] Reading JSON from `/Users/bedin.fabio/Library/Caches/org.R-project.R/R/renv/cache/v5/R-4.3/x86_64-apple-darwin20/OmnipathR/3.10.1/41cbd1b2c8114dc4676d82f7804551e3/OmnipathR/db/db_def.json` (encoding: UTF-8).
[2024-06-18 10:11:28] [TRACE]   [OmnipathR] JSON validation successful: TRUE
[2024-06-18 10:11:28] [TRACE]   [OmnipathR] Reading JSON from `/Users/bedin.fabio/Library/Caches/org.R-project.R/R/renv/cache/v5/R-4.3/x86_64-apple-darwin20/OmnipathR/3.10.1/41cbd1b2c8114dc4676d82f7804551e3/OmnipathR/internal/magic_bytes.json` (encoding: UTF-8).
[2024-06-18 10:11:28] [TRACE]   [OmnipathR] JSON validation successful: TRUE
[2024-06-18 10:11:28] [TRACE]   [OmnipathR] Reading JSON from `/Users/bedin.fabio/Library/Caches/org.R-project.R/R/renv/cache/v5/R-4.3/x86_64-apple-darwin20/OmnipathR/3.10.1/41cbd1b2c8114dc4676d82f7804551e3/OmnipathR/internal/urls.json` (encoding: UTF-8).
[2024-06-18 10:11:28] [TRACE]   [OmnipathR] JSON validation successful: TRUE
[2024-06-18 10:11:28] [TRACE]   [OmnipathR] Reading JSON from `/Users/bedin.fabio/Library/Caches/org.R-project.R/R/renv/cache/v5/R-4.3/x86_64-apple-darwin20/OmnipathR/3.10.1/41cbd1b2c8114dc4676d82f7804551e3/OmnipathR/internal/id_types.json` (encoding: UTF-8).
[2024-06-18 10:11:28] [TRACE]   [OmnipathR] JSON validation successful: TRUE
[2024-06-18 10:11:37] [INFO]    [OmnipathR] Welcome to OmnipathR!
[2024-06-18 10:11:37] [TRACE]   [OmnipathR] Reading JSON from `/Users/bedin.fabio/Library/Caches/OmnipathR/cache.json` (encoding: UTF-8).
[2024-06-18 10:11:37] [TRACE]   [OmnipathR] JSON validation successful: TRUE
[2024-06-18 10:11:37] [INFO]    [OmnipathR] Initialized cache: `/Users/bedin.fabio/Library/Caches/OmnipathR`.
[2024-06-18 10:11:37] [TRACE]   [OmnipathR] Reading JSON from `/Users/bedin.fabio/Library/Caches/org.R-project.R/R/renv/cache/v5/R-4.3/x86_64-apple-darwin20/OmnipathR/3.10.1/41cbd1b2c8114dc4676d82f7804551e3/OmnipathR/db/db_def.json` (encoding: UTF-8).
[2024-06-18 10:11:37] [TRACE]   [OmnipathR] JSON validation successful: TRUE
[2024-06-18 10:11:37] [TRACE]   [OmnipathR] Reading JSON from `/Users/bedin.fabio/Library/Caches/org.R-project.R/R/renv/cache/v5/R-4.3/x86_64-apple-darwin20/OmnipathR/3.10.1/41cbd1b2c8114dc4676d82f7804551e3/OmnipathR/internal/magic_bytes.json` (encoding: UTF-8).
[2024-06-18 10:11:37] [TRACE]   [OmnipathR] JSON validation successful: TRUE
[2024-06-18 10:11:37] [TRACE]   [OmnipathR] Reading JSON from `/Users/bedin.fabio/Library/Caches/org.R-project.R/R/renv/cache/v5/R-4.3/x86_64-apple-darwin20/OmnipathR/3.10.1/41cbd1b2c8114dc4676d82f7804551e3/OmnipathR/internal/urls.json` (encoding: UTF-8).
[2024-06-18 10:11:37] [TRACE]   [OmnipathR] JSON validation successful: TRUE
[2024-06-18 10:11:37] [TRACE]   [OmnipathR] Reading JSON from `/Users/bedin.fabio/Library/Caches/org.R-project.R/R/renv/cache/v5/R-4.3/x86_64-apple-darwin20/OmnipathR/3.10.1/41cbd1b2c8114dc4676d82f7804551e3/OmnipathR/internal/id_types.json` (encoding: UTF-8).
[2024-06-18 10:11:37] [TRACE]   [OmnipathR] JSON validation successful: TRUE
[2024-06-18 12:31:13] [INFO]    [OmnipathR] Loading database `Ensembl and OMA organism names`.
[2024-06-18 12:31:13] [INFO]    [OmnipathR] Looking up in cache `https://www.ensembl.org/info/about/species.html`: key=7332486db7400730697234bad76ca0c8e4d00799, latest version=1.
[2024-06-18 12:31:13] [TRACE]   [OmnipathR] Cache file path: /Users/bedin.fabio/Library/Caches/OmnipathR/7332486db7400730697234bad76ca0c8e4d00799-1.html
[2024-06-18 12:31:13] [TRACE]   [OmnipathR] Looking up in cache: `https://omabrowser.org/All/oma-species.txt`.
[2024-06-18 12:31:14] [TRACE]   [OmnipathR] Loaded data from RDS `/Users/bedin.fabio/Library/Caches/OmnipathR/30e690cbb55dfc63b5903ab337f34ffc2f4be397-1.rds`.
[2024-06-18 12:31:14] [INFO]    [OmnipathR] Loaded database `Ensembl and OMA organism names`.
[2024-06-18 12:31:14] [TRACE]   [OmnipathR] Reading JSON from `https://omnipathdb.org/resources` (encoding: UTF-8).
[2024-06-18 12:31:14] [TRACE]   [OmnipathR] JSON validation successful: TRUE
[2024-06-18 12:31:14] [TRACE]   [OmnipathR] Looking up in cache: `https://omnipathdb.org/complexes?resources=CORUM&license=academic`
[2024-06-18 12:31:14] [TRACE]   [OmnipathR] Loaded data from RDS `/Users/bedin.fabio/Library/Caches/OmnipathR/a936d047aec5e3fcc61b42b75f13587cc2b40099-1.rds`.
[2024-06-18 12:31:14] [INFO]    [OmnipathR] Loaded from cache: `https://omnipathdb.org/complexes?resources=CORUM&license=academic`
[2024-06-18 12:31:14] [SUCCESS] [OmnipathR] Loaded 2734 protein complexes from cache.
[2024-06-18 14:27:52] [TRACE]   [OmnipathR] Reading JSON from `https://omnipathdb.org/resources` (encoding: UTF-8).
[2024-06-18 14:27:52] [TRACE]   [OmnipathR] JSON validation successful: TRUE
[2024-06-18 14:27:52] [TRACE]   [OmnipathR] Looking up in cache: `https://omnipathdb.org/complexes?resources=CORUM&license=academic`
[2024-06-18 14:27:52] [TRACE]   [OmnipathR] Loaded data from RDS `/Users/bedin.fabio/Library/Caches/OmnipathR/a936d047aec5e3fcc61b42b75f13587cc2b40099-1.rds`.
[2024-06-18 14:27:52] [INFO]    [OmnipathR] Loaded from cache: `https://omnipathdb.org/complexes?resources=CORUM&license=academic`
[2024-06-18 14:27:52] [SUCCESS] [OmnipathR] Loaded 2734 protein complexes from cache.
[2024-06-18 14:29:15] [TRACE]   [OmnipathR] Reading JSON from `https://omnipathdb.org/resources` (encoding: UTF-8).
[2024-06-18 14:29:15] [TRACE]   [OmnipathR] JSON validation successful: TRUE
[2024-06-18 14:29:15] [TRACE]   [OmnipathR] Looking up in cache: `https://omnipathdb.org/complexes?resources=CORUM&license=academic`
[2024-06-18 14:29:15] [TRACE]   [OmnipathR] Loaded data from RDS `/Users/bedin.fabio/Library/Caches/OmnipathR/a936d047aec5e3fcc61b42b75f13587cc2b40099-1.rds`.
[2024-06-18 14:29:15] [INFO]    [OmnipathR] Loaded from cache: `https://omnipathdb.org/complexes?resources=CORUM&license=academic`
[2024-06-18 14:29:15] [SUCCESS] [OmnipathR] Loaded 2734 protein complexes from cache.
[2024-06-18 14:29:25] [TRACE]   [OmnipathR] Reading JSON from `https://omnipathdb.org/resources` (encoding: UTF-8).
[2024-06-18 14:29:25] [TRACE]   [OmnipathR] JSON validation successful: TRUE
[2024-06-18 14:29:25] [TRACE]   [OmnipathR] Looking up in cache: `https://omnipathdb.org/complexes?resources=CORUM&license=academic`
[2024-06-18 14:29:25] [TRACE]   [OmnipathR] Loaded data from RDS `/Users/bedin.fabio/Library/Caches/OmnipathR/a936d047aec5e3fcc61b42b75f13587cc2b40099-1.rds`.
[2024-06-18 14:29:25] [INFO]    [OmnipathR] Loaded from cache: `https://omnipathdb.org/complexes?resources=CORUM&license=academic`
[2024-06-18 14:29:25] [SUCCESS] [OmnipathR] Loaded 2734 protein complexes from cache.
[2024-06-18 14:34:46] [TRACE]   [OmnipathR] Reading JSON from `https://omnipathdb.org/resources` (encoding: UTF-8).
[2024-06-18 14:34:46] [TRACE]   [OmnipathR] JSON validation successful: TRUE
[2024-06-18 14:34:46] [TRACE]   [OmnipathR] Looking up in cache: `https://omnipathdb.org/complexes?resources=CORUM&license=academic`
[2024-06-18 14:34:46] [TRACE]   [OmnipathR] Loaded data from RDS `/Users/bedin.fabio/Library/Caches/OmnipathR/a936d047aec5e3fcc61b42b75f13587cc2b40099-1.rds`.
[2024-06-18 14:34:46] [INFO]    [OmnipathR] Loaded from cache: `https://omnipathdb.org/complexes?resources=CORUM&license=academic`
[2024-06-18 14:34:46] [SUCCESS] [OmnipathR] Loaded 2734 protein complexes from cache.
[2024-06-18 15:00:43] [TRACE]   [OmnipathR] Reading JSON from `https://omnipathdb.org/resources` (encoding: UTF-8).
[2024-06-18 15:00:43] [TRACE]   [OmnipathR] JSON validation successful: TRUE
[2024-06-18 15:00:43] [TRACE]   [OmnipathR] Looking up in cache: `https://omnipathdb.org/complexes?resources=CORUM&license=academic`
[2024-06-18 15:00:43] [TRACE]   [OmnipathR] Loaded data from RDS `/Users/bedin.fabio/Library/Caches/OmnipathR/a936d047aec5e3fcc61b42b75f13587cc2b40099-1.rds`.
[2024-06-18 15:00:43] [INFO]    [OmnipathR] Loaded from cache: `https://omnipathdb.org/complexes?resources=CORUM&license=academic`
[2024-06-18 15:00:43] [SUCCESS] [OmnipathR] Loaded 2734 protein complexes from cache.
[2024-06-18 15:00:49] [TRACE]   [OmnipathR] Reading JSON from `https://omnipathdb.org/resources` (encoding: UTF-8).
[2024-06-18 15:00:49] [TRACE]   [OmnipathR] JSON validation successful: TRUE
[2024-06-18 15:00:49] [TRACE]   [OmnipathR] Looking up in cache: `https://omnipathdb.org/complexes?resources=CORUM&license=academic`
[2024-06-18 15:00:49] [TRACE]   [OmnipathR] Loaded data from RDS `/Users/bedin.fabio/Library/Caches/OmnipathR/a936d047aec5e3fcc61b42b75f13587cc2b40099-1.rds`.
[2024-06-18 15:00:49] [INFO]    [OmnipathR] Loaded from cache: `https://omnipathdb.org/complexes?resources=CORUM&license=academic`
[2024-06-18 15:00:49] [SUCCESS] [OmnipathR] Loaded 2734 protein complexes from cache.
[2024-06-18 15:13:13] [TRACE]   [OmnipathR] Reading JSON from `https://omnipathdb.org/resources` (encoding: UTF-8).
[2024-06-18 15:13:13] [TRACE]   [OmnipathR] JSON validation successful: TRUE
[2024-06-18 15:13:13] [TRACE]   [OmnipathR] Looking up in cache: `https://omnipathdb.org/complexes?resources=CORUM&license=academic`
[2024-06-18 15:13:13] [TRACE]   [OmnipathR] Loaded data from RDS `/Users/bedin.fabio/Library/Caches/OmnipathR/a936d047aec5e3fcc61b42b75f13587cc2b40099-1.rds`.
[2024-06-18 15:13:13] [INFO]    [OmnipathR] Loaded from cache: `https://omnipathdb.org/complexes?resources=CORUM&license=academic`
[2024-06-18 15:13:13] [SUCCESS] [OmnipathR] Loaded 2734 protein complexes from cache.
[2024-06-18 15:13:26] [TRACE]   [OmnipathR] Reading JSON from `https://omnipathdb.org/resources` (encoding: UTF-8).
[2024-06-18 15:13:26] [TRACE]   [OmnipathR] JSON validation successful: TRUE
[2024-06-18 15:13:26] [TRACE]   [OmnipathR] Looking up in cache: `https://omnipathdb.org/complexes?resources=CORUM&license=academic`
[2024-06-18 15:13:26] [TRACE]   [OmnipathR] Loaded data from RDS `/Users/bedin.fabio/Library/Caches/OmnipathR/a936d047aec5e3fcc61b42b75f13587cc2b40099-1.rds`.
[2024-06-18 15:13:26] [INFO]    [OmnipathR] Loaded from cache: `https://omnipathdb.org/complexes?resources=CORUM&license=academic`
[2024-06-18 15:13:26] [SUCCESS] [OmnipathR] Loaded 2734 protein complexes from cache.
[2024-06-18 15:13:34] [TRACE]   [OmnipathR] Reading JSON from `https://omnipathdb.org/resources` (encoding: UTF-8).
[2024-06-18 15:13:34] [TRACE]   [OmnipathR] JSON validation successful: TRUE
[2024-06-18 15:13:34] [TRACE]   [OmnipathR] Looking up in cache: `https://omnipathdb.org/complexes?resources=CORUM&license=academic`
[2024-06-18 15:13:34] [TRACE]   [OmnipathR] Loaded data from RDS `/Users/bedin.fabio/Library/Caches/OmnipathR/a936d047aec5e3fcc61b42b75f13587cc2b40099-1.rds`.
[2024-06-18 15:13:34] [INFO]    [OmnipathR] Loaded from cache: `https://omnipathdb.org/complexes?resources=CORUM&license=academic`
[2024-06-18 15:13:34] [SUCCESS] [OmnipathR] Loaded 2734 protein complexes from cache.
